#
# There is insufficient memory for the Java Runtime Environment to continue.
# Native memory allocation (malloc) failed to allocate 807136 bytes for Chunk::new
# Possible reasons:
#   The system is out of physical RAM or swap space
#   The process is running with CompressedOops enabled, and the Java Heap may be blocking the growth of the native heap
# Possible solutions:
#   Reduce memory load on the system
#   Increase physical memory or swap space
#   Check if swap backing store is full
#   Decrease Java heap size (-Xmx/-Xms)
#   Decrease number of Java threads
#   Decrease Java thread stack sizes (-Xss)
#   Set larger code cache with -XX:ReservedCodeCacheSize=
#   JVM is running with Zero Based Compressed Oops mode in which the Java heap is
#     placed in the first 32GB address space. The Java Heap base address is the
#     maximum limit for the native heap growth. Please use -XX:HeapBaseMinAddress
#     to set the Java Heap base and to place the Java Heap above 32GB virtual address.
# This output file may be truncated or incomplete.
#
#  Out of Memory Error (./src/hotspot/share/memory/arena.cpp:197), pid=56852, tid=56596
#
# JRE version: OpenJDK Runtime Environment (11.0.10) (build 11.0.10+0-b96-7249189)
# Java VM: OpenJDK 64-Bit Server VM (11.0.10+0-b96-7249189, mixed mode, tiered, compressed oops, g1 gc, windows-amd64)
# No core dump will be written. Minidumps are not enabled by default on client versions of Windows
#

---------------  S U M M A R Y ------------

Command Line: org.jetbrains.kotlin.cli.jvm.K2JVMCompiler @C:\Users\albto\AndroidStudioProjects\NotesAppFullRoom\app\build\20211030_1995359657152367811.compiler.options

Host: Intel(R) Core(TM) i7-1065G7 CPU @ 1.30GHz, 8 cores, 15G,  Windows 10 , 64 bit Build 22483 (10.0.22483.1000)
Time: Sat Oct 30 23:36:16 2021 Arab Standard Time elapsed time: 16.604408 seconds (0d 0h 0m 16s)

---------------  T H R E A D  ---------------

Current thread (0x0000015f0cbfe000):  JavaThread "C2 CompilerThread0" daemon [_thread_in_native, id=56596, stack(0x0000003ca6500000,0x0000003ca6600000)]


Current CompileTask:
C2:  16604 8249       4       org.jetbrains.kotlin.backend.common.serialization.mangle.descriptor.DescriptorMangleComputer::mangleType (469 bytes)

Stack: [0x0000003ca6500000,0x0000003ca6600000]
Native frames: (J=compiled Java code, j=interpreted, Vv=VM code, C=native code)
V  [jvm.dll+0x5ecfaa]
V  [jvm.dll+0x722bd5]
V  [jvm.dll+0x72412d]
V  [jvm.dll+0x7247e3]
V  [jvm.dll+0x242928]
V  [jvm.dll+0xbc4fc]
V  [jvm.dll+0xbca0c]
V  [jvm.dll+0x2b4fd4]
V  [jvm.dll+0x506028]
V  [jvm.dll+0x203253]
V  [jvm.dll+0x1fd07c]
V  [jvm.dll+0x1fa77f]
V  [jvm.dll+0x18354c]
V  [jvm.dll+0x208ee7]
V  [jvm.dll+0x207731]
V  [jvm.dll+0x6eb1cf]
V  [jvm.dll+0x6e3d45]
V  [jvm.dll+0x5ebe96]
C  [ucrtbase.dll+0x293cc]
C  [KERNEL32.DLL+0x16ab0]
C  [ntdll.dll+0x51dbb]


---------------  P R O C E S S  ---------------

Threads class SMR info:
_java_thread_list=0x0000015f0cdabae0, length=10, elements={
0x0000015f6d434000, 0x0000015f0c334800, 0x0000015f0c330000, 0x0000015f0cbf6000,
0x0000015f0cbf9800, 0x0000015f0cbfd800, 0x0000015f0cbfe000, 0x0000015f0cc00000,
0x0000015f0cc56800, 0x0000015f0cdb5000
}

Java Threads: ( => current thread )
  0x0000015f6d434000 JavaThread "main" [_thread_in_Java, id=57244, stack(0x0000003ca5900000,0x0000003ca5a00000)]
  0x0000015f0c334800 JavaThread "Reference Handler" daemon [_thread_blocked, id=56660, stack(0x0000003ca6000000,0x0000003ca6100000)]
  0x0000015f0c330000 JavaThread "Finalizer" daemon [_thread_blocked, id=57108, stack(0x0000003ca6100000,0x0000003ca6200000)]
  0x0000015f0cbf6000 JavaThread "Signal Dispatcher" daemon [_thread_blocked, id=55844, stack(0x0000003ca6200000,0x0000003ca6300000)]
  0x0000015f0cbf9800 JavaThread "Attach Listener" daemon [_thread_blocked, id=55488, stack(0x0000003ca6300000,0x0000003ca6400000)]
  0x0000015f0cbfd800 JavaThread "Service Thread" daemon [_thread_blocked, id=49392, stack(0x0000003ca6400000,0x0000003ca6500000)]
=>0x0000015f0cbfe000 JavaThread "C2 CompilerThread0" daemon [_thread_in_native, id=56596, stack(0x0000003ca6500000,0x0000003ca6600000)]
  0x0000015f0cc00000 JavaThread "C1 CompilerThread0" daemon [_thread_blocked, id=54544, stack(0x0000003ca6600000,0x0000003ca6700000)]
  0x0000015f0cc56800 JavaThread "Sweeper thread" daemon [_thread_blocked, id=56984, stack(0x0000003ca6700000,0x0000003ca6800000)]
  0x0000015f0cdb5000 JavaThread "Common-Cleaner" daemon [_thread_blocked, id=55476, stack(0x0000003ca6900000,0x0000003ca6a00000)]

Other Threads:
  0x0000015f0cbe7800 VMThread "VM Thread" [stack: 0x0000003ca5f00000,0x0000003ca6000000] [id=20228]
  0x0000015f0cdaf000 WatcherThread [stack: 0x0000003ca6800000,0x0000003ca6900000] [id=57072]
  0x0000015f6d44b800 GCTaskThread "GC Thread#0" [stack: 0x0000003ca5a00000,0x0000003ca5b00000] [id=57280]
  0x0000015f0d4c9800 GCTaskThread "GC Thread#1" [stack: 0x0000003ca6a00000,0x0000003ca6b00000] [id=57076]
  0x0000015f0d50c000 GCTaskThread "GC Thread#2" [stack: 0x0000003ca6b00000,0x0000003ca6c00000] [id=57160]
  0x0000015f0d50d000 GCTaskThread "GC Thread#3" [stack: 0x0000003ca6c00000,0x0000003ca6d00000] [id=53364]
  0x0000015f0d50d800 GCTaskThread "GC Thread#4" [stack: 0x0000003ca6d00000,0x0000003ca6e00000] [id=57060]
  0x0000015f0d517000 GCTaskThread "GC Thread#5" [stack: 0x0000003ca6e00000,0x0000003ca6f00000] [id=54308]
  0x0000015f6d4a5800 ConcurrentGCThread "G1 Main Marker" [stack: 0x0000003ca5b00000,0x0000003ca5c00000] [id=55020]
  0x0000015f6d4a7000 ConcurrentGCThread "G1 Conc#0" [stack: 0x0000003ca5c00000,0x0000003ca5d00000] [id=56348]
  0x0000015f0e2ad000 ConcurrentGCThread "G1 Conc#1" [stack: 0x0000003ca6f00000,0x0000003ca7000000] [id=56756]
  0x0000015f0c20f800 ConcurrentGCThread "G1 Refine#0" [stack: 0x0000003ca5d00000,0x0000003ca5e00000] [id=48224]
  0x0000015f0c212800 ConcurrentGCThread "G1 Young RemSet Sampling" [stack: 0x0000003ca5e00000,0x0000003ca5f00000] [id=55076]

Threads with active compile tasks:
C2 CompilerThread0  16649 8249       4       org.jetbrains.kotlin.backend.common.serialization.mangle.descriptor.DescriptorMangleComputer::mangleType (469 bytes)
C1 CompilerThread0  16649 8331       2       org.jetbrains.kotlin.ir.builders.declarations.IrDeclarationBuilder::setName (12 bytes)

VM state:not at safepoint (normal execution)

VM Mutex/Monitor currently owned by a thread: None

Heap address: 0x0000000706600000, size: 3994 MB, Compressed Oops mode: Zero based, Oop shift amount: 3
Narrow klass base: 0x0000000800000000, Narrow klass shift: 0
Compressed class space size: 1073741824 Address: 0x0000000800000000

Heap:
 garbage-first heap   total 307200K, used 130683K [0x0000000706600000, 0x0000000800000000)
  region size 1024K, 94 young (96256K), 11 survivors (11264K)
 Metaspace       used 68444K, capacity 69292K, committed 69376K, reserved 1112064K
  class space    used 7777K, capacity 8111K, committed 8192K, reserved 1048576K
Heap Regions: E=young(eden), S=young(survivor), O=old, HS=humongous(starts), HC=humongous(continues), CS=collection set, F=free, A=archive, TAMS=top-at-mark-start (previous, next)
|   0|0x0000000706600000, 0x0000000706700000, 0x0000000706700000|100%|HS|  |TAMS 0x0000000706700000, 0x0000000706600000| Complete 
|   1|0x0000000706700000, 0x0000000706800000, 0x0000000706800000|100%|HC|  |TAMS 0x0000000706800000, 0x0000000706700000| Complete 
|   2|0x0000000706800000, 0x0000000706900000, 0x0000000706900000|100%|HC|  |TAMS 0x0000000706900000, 0x0000000706800000| Complete 
|   3|0x0000000706900000, 0x0000000706a00000, 0x0000000706a00000|100%|HS|  |TAMS 0x0000000706a00000, 0x0000000706900000| Complete 
|   4|0x0000000706a00000, 0x0000000706b00000, 0x0000000706b00000|100%|HC|  |TAMS 0x0000000706b00000, 0x0000000706a00000| Complete 
|   5|0x0000000706b00000, 0x0000000706c00000, 0x0000000706c00000|100%|HC|  |TAMS 0x0000000706c00000, 0x0000000706b00000| Complete 
|   6|0x0000000706c00000, 0x0000000706d00000, 0x0000000706d00000|100%|HS|  |TAMS 0x0000000706d00000, 0x0000000706c00000| Complete 
|   7|0x0000000706d00000, 0x0000000706e00000, 0x0000000706e00000|100%|HC|  |TAMS 0x0000000706e00000, 0x0000000706d00000| Complete 
|   8|0x0000000706e00000, 0x0000000706f00000, 0x0000000706f00000|100%|HC|  |TAMS 0x0000000706f00000, 0x0000000706e00000| Complete 
|   9|0x0000000706f00000, 0x0000000707000000, 0x0000000707000000|100%|HS|  |TAMS 0x0000000707000000, 0x0000000706f00000| Complete 
|  10|0x0000000707000000, 0x0000000707100000, 0x0000000707100000|100%|HC|  |TAMS 0x0000000707100000, 0x0000000707000000| Complete 
|  11|0x0000000707100000, 0x0000000707200000, 0x0000000707200000|100%| O|  |TAMS 0x0000000707200000, 0x0000000707100000| Untracked 
|  12|0x0000000707200000, 0x0000000707300000, 0x0000000707300000|100%| O|  |TAMS 0x0000000707300000, 0x0000000707200000| Untracked 
|  13|0x0000000707300000, 0x0000000707400000, 0x0000000707400000|100%| O|  |TAMS 0x0000000707400000, 0x0000000707300000| Untracked 
|  14|0x0000000707400000, 0x0000000707500000, 0x0000000707500000|100%| O|  |TAMS 0x0000000707500000, 0x0000000707400000| Untracked 
|  15|0x0000000707500000, 0x0000000707600000, 0x0000000707600000|100%| O|  |TAMS 0x0000000707600000, 0x0000000707500000| Untracked 
|  16|0x0000000707600000, 0x0000000707700000, 0x0000000707700000|100%| O|  |TAMS 0x0000000707700000, 0x0000000707600000| Untracked 
|  17|0x0000000707700000, 0x0000000707800000, 0x0000000707800000|100%| O|  |TAMS 0x0000000707800000, 0x0000000707700000| Untracked 
|  18|0x0000000707800000, 0x0000000707900000, 0x0000000707900000|100%| O|  |TAMS 0x0000000707900000, 0x0000000707800000| Untracked 
|  19|0x0000000707900000, 0x0000000707a00000, 0x0000000707a00000|100%| O|  |TAMS 0x0000000707a00000, 0x0000000707900000| Untracked 
|  20|0x0000000707a00000, 0x0000000707b00000, 0x0000000707b00000|100%| O|  |TAMS 0x0000000707b00000, 0x0000000707a00000| Untracked 
|  21|0x0000000707b00000, 0x0000000707c00000, 0x0000000707c00000|100%| O|  |TAMS 0x0000000707c00000, 0x0000000707b00000| Untracked 
|  22|0x0000000707c00000, 0x0000000707d00000, 0x0000000707d00000|100%| O|  |TAMS 0x0000000707d00000, 0x0000000707c00000| Untracked 
|  23|0x0000000707d00000, 0x0000000707e00000, 0x0000000707e00000|100%| O|  |TAMS 0x0000000707e00000, 0x0000000707d00000| Untracked 
|  24|0x0000000707e00000, 0x0000000707f00000, 0x0000000707f00000|100%| O|  |TAMS 0x0000000707f00000, 0x0000000707e00000| Untracked 
|  25|0x0000000707f00000, 0x0000000708000000, 0x0000000708000000|100%| O|  |TAMS 0x0000000708000000, 0x0000000707f00000| Untracked 
|  26|0x0000000708000000, 0x0000000708100000, 0x0000000708100000|100%| O|  |TAMS 0x0000000708100000, 0x0000000708000000| Untracked 
|  27|0x0000000708100000, 0x0000000708200000, 0x0000000708200000|100%| O|  |TAMS 0x0000000708200000, 0x0000000708100000| Untracked 
|  28|0x0000000708200000, 0x0000000708300000, 0x0000000708300000|100%| O|  |TAMS 0x0000000708300000, 0x0000000708200000| Untracked 
|  29|0x0000000708300000, 0x0000000708400000, 0x0000000708400000|100%| O|  |TAMS 0x0000000708400000, 0x0000000708300000| Untracked 
|  30|0x0000000708400000, 0x0000000708500000, 0x0000000708500000|100%| O|  |TAMS 0x0000000708500000, 0x0000000708400000| Untracked 
|  31|0x0000000708500000, 0x0000000708600000, 0x0000000708600000|100%| O|  |TAMS 0x0000000708600000, 0x0000000708500000| Untracked 
|  32|0x0000000708600000, 0x0000000708700000, 0x0000000708700000|100%| O|  |TAMS 0x0000000708700000, 0x0000000708600000| Untracked 
|  33|0x0000000708700000, 0x0000000708800000, 0x0000000708800000|100%| O|  |TAMS 0x0000000708800000, 0x0000000708700000| Untracked 
|  34|0x0000000708800000, 0x0000000708900000, 0x0000000708900000|100%| O|  |TAMS 0x0000000708900000, 0x0000000708800000| Untracked 
|  35|0x0000000708900000, 0x0000000708946e00, 0x0000000708a00000| 27%| O|  |TAMS 0x0000000708946e00, 0x0000000708900000| Untracked 
|  36|0x0000000708a00000, 0x0000000708a00000, 0x0000000708b00000|  0%| F|  |TAMS 0x0000000708a00000, 0x0000000708a00000| Untracked 
|  37|0x0000000708b00000, 0x0000000708b00000, 0x0000000708c00000|  0%| F|  |TAMS 0x0000000708b00000, 0x0000000708b00000| Untracked 
|  38|0x0000000708c00000, 0x0000000708c00000, 0x0000000708d00000|  0%| F|  |TAMS 0x0000000708c00000, 0x0000000708c00000| Untracked 
|  39|0x0000000708d00000, 0x0000000708d00000, 0x0000000708e00000|  0%| F|  |TAMS 0x0000000708d00000, 0x0000000708d00000| Untracked 
|  40|0x0000000708e00000, 0x0000000708e00000, 0x0000000708f00000|  0%| F|  |TAMS 0x0000000708e00000, 0x0000000708e00000| Untracked 
|  41|0x0000000708f00000, 0x0000000708f00000, 0x0000000709000000|  0%| F|  |TAMS 0x0000000708f00000, 0x0000000708f00000| Untracked 
|  42|0x0000000709000000, 0x0000000709000000, 0x0000000709100000|  0%| F|  |TAMS 0x0000000709000000, 0x0000000709000000| Untracked 
|  43|0x0000000709100000, 0x0000000709100000, 0x0000000709200000|  0%| F|  |TAMS 0x0000000709100000, 0x0000000709100000| Untracked 
|  44|0x0000000709200000, 0x0000000709200000, 0x0000000709300000|  0%| F|  |TAMS 0x0000000709200000, 0x0000000709200000| Untracked 
|  45|0x0000000709300000, 0x0000000709300000, 0x0000000709400000|  0%| F|  |TAMS 0x0000000709300000, 0x0000000709300000| Untracked 
|  46|0x0000000709400000, 0x0000000709400000, 0x0000000709500000|  0%| F|  |TAMS 0x0000000709400000, 0x0000000709400000| Untracked 
|  47|0x0000000709500000, 0x0000000709500000, 0x0000000709600000|  0%| F|  |TAMS 0x0000000709500000, 0x0000000709500000| Untracked 
|  48|0x0000000709600000, 0x0000000709600000, 0x0000000709700000|  0%| F|  |TAMS 0x0000000709600000, 0x0000000709600000| Untracked 
|  49|0x0000000709700000, 0x0000000709700000, 0x0000000709800000|  0%| F|  |TAMS 0x0000000709700000, 0x0000000709700000| Untracked 
|  50|0x0000000709800000, 0x0000000709800000, 0x0000000709900000|  0%| F|  |TAMS 0x0000000709800000, 0x0000000709800000| Untracked 
|  51|0x0000000709900000, 0x0000000709900000, 0x0000000709a00000|  0%| F|  |TAMS 0x0000000709900000, 0x0000000709900000| Untracked 
|  52|0x0000000709a00000, 0x0000000709a00000, 0x0000000709b00000|  0%| F|  |TAMS 0x0000000709a00000, 0x0000000709a00000| Untracked 
|  53|0x0000000709b00000, 0x0000000709b00000, 0x0000000709c00000|  0%| F|  |TAMS 0x0000000709b00000, 0x0000000709b00000| Untracked 
|  54|0x0000000709c00000, 0x0000000709c00000, 0x0000000709d00000|  0%| F|  |TAMS 0x0000000709c00000, 0x0000000709c00000| Untracked 
|  55|0x0000000709d00000, 0x0000000709d00000, 0x0000000709e00000|  0%| F|  |TAMS 0x0000000709d00000, 0x0000000709d00000| Untracked 
|  56|0x0000000709e00000, 0x0000000709e00000, 0x0000000709f00000|  0%| F|  |TAMS 0x0000000709e00000, 0x0000000709e00000| Untracked 
|  57|0x0000000709f00000, 0x0000000709f00000, 0x000000070a000000|  0%| F|  |TAMS 0x0000000709f00000, 0x0000000709f00000| Untracked 
|  58|0x000000070a000000, 0x000000070a000000, 0x000000070a100000|  0%| F|  |TAMS 0x000000070a000000, 0x000000070a000000| Untracked 
|  59|0x000000070a100000, 0x000000070a100000, 0x000000070a200000|  0%| F|  |TAMS 0x000000070a100000, 0x000000070a100000| Untracked 
|  60|0x000000070a200000, 0x000000070a200000, 0x000000070a300000|  0%| F|  |TAMS 0x000000070a200000, 0x000000070a200000| Untracked 
|  61|0x000000070a300000, 0x000000070a300000, 0x000000070a400000|  0%| F|  |TAMS 0x000000070a300000, 0x000000070a300000| Untracked 
|  62|0x000000070a400000, 0x000000070a400000, 0x000000070a500000|  0%| F|  |TAMS 0x000000070a400000, 0x000000070a400000| Untracked 
|  63|0x000000070a500000, 0x000000070a500000, 0x000000070a600000|  0%| F|  |TAMS 0x000000070a500000, 0x000000070a500000| Untracked 
|  64|0x000000070a600000, 0x000000070a600000, 0x000000070a700000|  0%| F|  |TAMS 0x000000070a600000, 0x000000070a600000| Untracked 
|  65|0x000000070a700000, 0x000000070a700000, 0x000000070a800000|  0%| F|  |TAMS 0x000000070a700000, 0x000000070a700000| Untracked 
|  66|0x000000070a800000, 0x000000070a800000, 0x000000070a900000|  0%| F|  |TAMS 0x000000070a800000, 0x000000070a800000| Untracked 
|  67|0x000000070a900000, 0x000000070a900000, 0x000000070aa00000|  0%| F|  |TAMS 0x000000070a900000, 0x000000070a900000| Untracked 
|  68|0x000000070aa00000, 0x000000070aa00000, 0x000000070ab00000|  0%| F|  |TAMS 0x000000070aa00000, 0x000000070aa00000| Untracked 
|  69|0x000000070ab00000, 0x000000070ab00000, 0x000000070ac00000|  0%| F|  |TAMS 0x000000070ab00000, 0x000000070ab00000| Untracked 
|  70|0x000000070ac00000, 0x000000070ac00000, 0x000000070ad00000|  0%| F|  |TAMS 0x000000070ac00000, 0x000000070ac00000| Untracked 
|  71|0x000000070ad00000, 0x000000070ad00000, 0x000000070ae00000|  0%| F|  |TAMS 0x000000070ad00000, 0x000000070ad00000| Untracked 
|  72|0x000000070ae00000, 0x000000070ae00000, 0x000000070af00000|  0%| F|  |TAMS 0x000000070ae00000, 0x000000070ae00000| Untracked 
|  73|0x000000070af00000, 0x000000070af00000, 0x000000070b000000|  0%| F|  |TAMS 0x000000070af00000, 0x000000070af00000| Untracked 
|  74|0x000000070b000000, 0x000000070b000000, 0x000000070b100000|  0%| F|  |TAMS 0x000000070b000000, 0x000000070b000000| Untracked 
|  75|0x000000070b100000, 0x000000070b100000, 0x000000070b200000|  0%| F|  |TAMS 0x000000070b100000, 0x000000070b100000| Untracked 
|  76|0x000000070b200000, 0x000000070b200000, 0x000000070b300000|  0%| F|  |TAMS 0x000000070b200000, 0x000000070b200000| Untracked 
|  77|0x000000070b300000, 0x000000070b300000, 0x000000070b400000|  0%| F|  |TAMS 0x000000070b300000, 0x000000070b300000| Untracked 
|  78|0x000000070b400000, 0x000000070b400000, 0x000000070b500000|  0%| F|  |TAMS 0x000000070b400000, 0x000000070b400000| Untracked 
|  79|0x000000070b500000, 0x000000070b500000, 0x000000070b600000|  0%| F|  |TAMS 0x000000070b500000, 0x000000070b500000| Untracked 
|  80|0x000000070b600000, 0x000000070b600000, 0x000000070b700000|  0%| F|  |TAMS 0x000000070b600000, 0x000000070b600000| Untracked 
|  81|0x000000070b700000, 0x000000070b700000, 0x000000070b800000|  0%| F|  |TAMS 0x000000070b700000, 0x000000070b700000| Untracked 
|  82|0x000000070b800000, 0x000000070b800000, 0x000000070b900000|  0%| F|  |TAMS 0x000000070b800000, 0x000000070b800000| Untracked 
|  83|0x000000070b900000, 0x000000070b900000, 0x000000070ba00000|  0%| F|  |TAMS 0x000000070b900000, 0x000000070b900000| Untracked 
|  84|0x000000070ba00000, 0x000000070ba00000, 0x000000070bb00000|  0%| F|  |TAMS 0x000000070ba00000, 0x000000070ba00000| Untracked 
|  85|0x000000070bb00000, 0x000000070bb00000, 0x000000070bc00000|  0%| F|  |TAMS 0x000000070bb00000, 0x000000070bb00000| Untracked 
|  86|0x000000070bc00000, 0x000000070bc00000, 0x000000070bd00000|  0%| F|  |TAMS 0x000000070bc00000, 0x000000070bc00000| Untracked 
|  87|0x000000070bd00000, 0x000000070bd00000, 0x000000070be00000|  0%| F|  |TAMS 0x000000070bd00000, 0x000000070bd00000| Untracked 
|  88|0x000000070be00000, 0x000000070be00000, 0x000000070bf00000|  0%| F|  |TAMS 0x000000070be00000, 0x000000070be00000| Untracked 
|  89|0x000000070bf00000, 0x000000070bf00000, 0x000000070c000000|  0%| F|  |TAMS 0x000000070bf00000, 0x000000070bf00000| Untracked 
|  90|0x000000070c000000, 0x000000070c000000, 0x000000070c100000|  0%| F|  |TAMS 0x000000070c000000, 0x000000070c000000| Untracked 
|  91|0x000000070c100000, 0x000000070c100000, 0x000000070c200000|  0%| F|  |TAMS 0x000000070c100000, 0x000000070c100000| Untracked 
|  92|0x000000070c200000, 0x000000070c200000, 0x000000070c300000|  0%| F|  |TAMS 0x000000070c200000, 0x000000070c200000| Untracked 
|  93|0x000000070c300000, 0x000000070c300000, 0x000000070c400000|  0%| F|  |TAMS 0x000000070c300000, 0x000000070c300000| Untracked 
|  94|0x000000070c400000, 0x000000070c400000, 0x000000070c500000|  0%| F|  |TAMS 0x000000070c400000, 0x000000070c400000| Untracked 
|  95|0x000000070c500000, 0x000000070c500000, 0x000000070c600000|  0%| F|  |TAMS 0x000000070c500000, 0x000000070c500000| Untracked 
|  96|0x000000070c600000, 0x000000070c600000, 0x000000070c700000|  0%| F|  |TAMS 0x000000070c600000, 0x000000070c600000| Untracked 
|  97|0x000000070c700000, 0x000000070c700000, 0x000000070c800000|  0%| F|  |TAMS 0x000000070c700000, 0x000000070c700000| Untracked 
|  98|0x000000070c800000, 0x000000070c800000, 0x000000070c900000|  0%| F|  |TAMS 0x000000070c800000, 0x000000070c800000| Untracked 
|  99|0x000000070c900000, 0x000000070c900000, 0x000000070ca00000|  0%| F|  |TAMS 0x000000070c900000, 0x000000070c900000| Untracked 
| 100|0x000000070ca00000, 0x000000070ca00000, 0x000000070cb00000|  0%| F|  |TAMS 0x000000070ca00000, 0x000000070ca00000| Untracked 
| 101|0x000000070cb00000, 0x000000070cb00000, 0x000000070cc00000|  0%| F|  |TAMS 0x000000070cb00000, 0x000000070cb00000| Untracked 
| 102|0x000000070cc00000, 0x000000070cc00000, 0x000000070cd00000|  0%| F|  |TAMS 0x000000070cc00000, 0x000000070cc00000| Untracked 
| 103|0x000000070cd00000, 0x000000070cd00000, 0x000000070ce00000|  0%| F|  |TAMS 0x000000070cd00000, 0x000000070cd00000| Untracked 
| 104|0x000000070ce00000, 0x000000070ce00000, 0x000000070cf00000|  0%| F|  |TAMS 0x000000070ce00000, 0x000000070ce00000| Untracked 
| 105|0x000000070cf00000, 0x000000070cf00000, 0x000000070d000000|  0%| F|  |TAMS 0x000000070cf00000, 0x000000070cf00000| Untracked 
| 106|0x000000070d000000, 0x000000070d000000, 0x000000070d100000|  0%| F|  |TAMS 0x000000070d000000, 0x000000070d000000| Untracked 
| 107|0x000000070d100000, 0x000000070d100000, 0x000000070d200000|  0%| F|  |TAMS 0x000000070d100000, 0x000000070d100000| Untracked 
| 108|0x000000070d200000, 0x000000070d200000, 0x000000070d300000|  0%| F|  |TAMS 0x000000070d200000, 0x000000070d200000| Untracked 
| 109|0x000000070d300000, 0x000000070d300000, 0x000000070d400000|  0%| F|  |TAMS 0x000000070d300000, 0x000000070d300000| Untracked 
| 110|0x000000070d400000, 0x000000070d400000, 0x000000070d500000|  0%| F|  |TAMS 0x000000070d400000, 0x000000070d400000| Untracked 
| 111|0x000000070d500000, 0x000000070d500000, 0x000000070d600000|  0%| F|  |TAMS 0x000000070d500000, 0x000000070d500000| Untracked 
| 112|0x000000070d600000, 0x000000070d600000, 0x000000070d700000|  0%| F|  |TAMS 0x000000070d600000, 0x000000070d600000| Untracked 
| 113|0x000000070d700000, 0x000000070d700000, 0x000000070d800000|  0%| F|  |TAMS 0x000000070d700000, 0x000000070d700000| Untracked 
| 114|0x000000070d800000, 0x000000070d800000, 0x000000070d900000|  0%| F|  |TAMS 0x000000070d800000, 0x000000070d800000| Untracked 
| 115|0x000000070d900000, 0x000000070d900000, 0x000000070da00000|  0%| F|  |TAMS 0x000000070d900000, 0x000000070d900000| Untracked 
| 116|0x000000070da00000, 0x000000070da00000, 0x000000070db00000|  0%| F|  |TAMS 0x000000070da00000, 0x000000070da00000| Untracked 
| 117|0x000000070db00000, 0x000000070db00000, 0x000000070dc00000|  0%| F|  |TAMS 0x000000070db00000, 0x000000070db00000| Untracked 
| 118|0x000000070dc00000, 0x000000070dc00000, 0x000000070dd00000|  0%| F|  |TAMS 0x000000070dc00000, 0x000000070dc00000| Untracked 
| 119|0x000000070dd00000, 0x000000070dd00000, 0x000000070de00000|  0%| F|  |TAMS 0x000000070dd00000, 0x000000070dd00000| Untracked 
| 120|0x000000070de00000, 0x000000070de00000, 0x000000070df00000|  0%| F|  |TAMS 0x000000070de00000, 0x000000070de00000| Untracked 
| 121|0x000000070df00000, 0x000000070df00000, 0x000000070e000000|  0%| F|  |TAMS 0x000000070df00000, 0x000000070df00000| Untracked 
| 122|0x000000070e000000, 0x000000070e000000, 0x000000070e100000|  0%| F|  |TAMS 0x000000070e000000, 0x000000070e000000| Untracked 
| 123|0x000000070e100000, 0x000000070e100000, 0x000000070e200000|  0%| F|  |TAMS 0x000000070e100000, 0x000000070e100000| Untracked 
| 124|0x000000070e200000, 0x000000070e200000, 0x000000070e300000|  0%| F|  |TAMS 0x000000070e200000, 0x000000070e200000| Untracked 
| 125|0x000000070e300000, 0x000000070e300000, 0x000000070e400000|  0%| F|  |TAMS 0x000000070e300000, 0x000000070e300000| Untracked 
| 126|0x000000070e400000, 0x000000070e400000, 0x000000070e500000|  0%| F|  |TAMS 0x000000070e400000, 0x000000070e400000| Untracked 
| 127|0x000000070e500000, 0x000000070e500000, 0x000000070e600000|  0%| F|  |TAMS 0x000000070e500000, 0x000000070e500000| Untracked 
| 128|0x000000070e600000, 0x000000070e600000, 0x000000070e700000|  0%| F|  |TAMS 0x000000070e600000, 0x000000070e600000| Untracked 
| 129|0x000000070e700000, 0x000000070e700000, 0x000000070e800000|  0%| F|  |TAMS 0x000000070e700000, 0x000000070e700000| Untracked 
| 130|0x000000070e800000, 0x000000070e800000, 0x000000070e900000|  0%| F|  |TAMS 0x000000070e800000, 0x000000070e800000| Untracked 
| 131|0x000000070e900000, 0x000000070e900000, 0x000000070ea00000|  0%| F|  |TAMS 0x000000070e900000, 0x000000070e900000| Untracked 
| 132|0x000000070ea00000, 0x000000070ea00000, 0x000000070eb00000|  0%| F|  |TAMS 0x000000070ea00000, 0x000000070ea00000| Untracked 
| 133|0x000000070eb00000, 0x000000070eb00000, 0x000000070ec00000|  0%| F|  |TAMS 0x000000070eb00000, 0x000000070eb00000| Untracked 
| 134|0x000000070ec00000, 0x000000070ec00000, 0x000000070ed00000|  0%| F|  |TAMS 0x000000070ec00000, 0x000000070ec00000| Untracked 
| 135|0x000000070ed00000, 0x000000070ed00000, 0x000000070ee00000|  0%| F|  |TAMS 0x000000070ed00000, 0x000000070ed00000| Untracked 
| 136|0x000000070ee00000, 0x000000070ee00000, 0x000000070ef00000|  0%| F|  |TAMS 0x000000070ee00000, 0x000000070ee00000| Untracked 
| 137|0x000000070ef00000, 0x000000070ef00000, 0x000000070f000000|  0%| F|  |TAMS 0x000000070ef00000, 0x000000070ef00000| Untracked 
| 138|0x000000070f000000, 0x000000070f000000, 0x000000070f100000|  0%| F|  |TAMS 0x000000070f000000, 0x000000070f000000| Untracked 
| 139|0x000000070f100000, 0x000000070f100000, 0x000000070f200000|  0%| F|  |TAMS 0x000000070f100000, 0x000000070f100000| Untracked 
| 140|0x000000070f200000, 0x000000070f200000, 0x000000070f300000|  0%| F|  |TAMS 0x000000070f200000, 0x000000070f200000| Untracked 
| 141|0x000000070f300000, 0x000000070f300000, 0x000000070f400000|  0%| F|  |TAMS 0x000000070f300000, 0x000000070f300000| Untracked 
| 142|0x000000070f400000, 0x000000070f400000, 0x000000070f500000|  0%| F|  |TAMS 0x000000070f400000, 0x000000070f400000| Untracked 
| 143|0x000000070f500000, 0x000000070f500000, 0x000000070f600000|  0%| F|  |TAMS 0x000000070f500000, 0x000000070f500000| Untracked 
| 144|0x000000070f600000, 0x000000070f600000, 0x000000070f700000|  0%| F|  |TAMS 0x000000070f600000, 0x000000070f600000| Untracked 
| 145|0x000000070f700000, 0x000000070f700000, 0x000000070f800000|  0%| F|  |TAMS 0x000000070f700000, 0x000000070f700000| Untracked 
| 146|0x000000070f800000, 0x000000070f800000, 0x000000070f900000|  0%| F|  |TAMS 0x000000070f800000, 0x000000070f800000| Untracked 
| 147|0x000000070f900000, 0x000000070f900000, 0x000000070fa00000|  0%| F|  |TAMS 0x000000070f900000, 0x000000070f900000| Untracked 
| 148|0x000000070fa00000, 0x000000070fa00000, 0x000000070fb00000|  0%| F|  |TAMS 0x000000070fa00000, 0x000000070fa00000| Untracked 
| 149|0x000000070fb00000, 0x000000070fb00000, 0x000000070fc00000|  0%| F|  |TAMS 0x000000070fb00000, 0x000000070fb00000| Untracked 
| 150|0x000000070fc00000, 0x000000070fc00000, 0x000000070fd00000|  0%| F|  |TAMS 0x000000070fc00000, 0x000000070fc00000| Untracked 
| 151|0x000000070fd00000, 0x000000070fd00000, 0x000000070fe00000|  0%| F|  |TAMS 0x000000070fd00000, 0x000000070fd00000| Untracked 
| 152|0x000000070fe00000, 0x000000070fe00000, 0x000000070ff00000|  0%| F|  |TAMS 0x000000070fe00000, 0x000000070fe00000| Untracked 
| 153|0x000000070ff00000, 0x000000070ff00000, 0x0000000710000000|  0%| F|  |TAMS 0x000000070ff00000, 0x000000070ff00000| Untracked 
| 154|0x0000000710000000, 0x0000000710000000, 0x0000000710100000|  0%| F|  |TAMS 0x0000000710000000, 0x0000000710000000| Untracked 
| 155|0x0000000710100000, 0x0000000710100000, 0x0000000710200000|  0%| F|  |TAMS 0x0000000710100000, 0x0000000710100000| Untracked 
| 156|0x0000000710200000, 0x0000000710200000, 0x0000000710300000|  0%| F|  |TAMS 0x0000000710200000, 0x0000000710200000| Untracked 
| 157|0x0000000710300000, 0x0000000710300000, 0x0000000710400000|  0%| F|  |TAMS 0x0000000710300000, 0x0000000710300000| Untracked 
| 158|0x0000000710400000, 0x0000000710400000, 0x0000000710500000|  0%| F|  |TAMS 0x0000000710400000, 0x0000000710400000| Untracked 
| 159|0x0000000710500000, 0x0000000710500000, 0x0000000710600000|  0%| F|  |TAMS 0x0000000710500000, 0x0000000710500000| Untracked 
| 160|0x0000000710600000, 0x0000000710600000, 0x0000000710700000|  0%| F|  |TAMS 0x0000000710600000, 0x0000000710600000| Untracked 
| 161|0x0000000710700000, 0x0000000710700000, 0x0000000710800000|  0%| F|  |TAMS 0x0000000710700000, 0x0000000710700000| Untracked 
| 162|0x0000000710800000, 0x00000007108580d8, 0x0000000710900000| 34%| S|CS|TAMS 0x0000000710800000, 0x0000000710800000| Complete 
| 163|0x0000000710900000, 0x0000000710a00000, 0x0000000710a00000|100%| S|CS|TAMS 0x0000000710900000, 0x0000000710900000| Complete 
| 164|0x0000000710a00000, 0x0000000710b00000, 0x0000000710b00000|100%| S|CS|TAMS 0x0000000710a00000, 0x0000000710a00000| Complete 
| 165|0x0000000710b00000, 0x0000000710c00000, 0x0000000710c00000|100%| S|CS|TAMS 0x0000000710b00000, 0x0000000710b00000| Complete 
| 166|0x0000000710c00000, 0x0000000710d00000, 0x0000000710d00000|100%| S|CS|TAMS 0x0000000710c00000, 0x0000000710c00000| Complete 
| 167|0x0000000710d00000, 0x0000000710e00000, 0x0000000710e00000|100%| S|CS|TAMS 0x0000000710d00000, 0x0000000710d00000| Complete 
| 168|0x0000000710e00000, 0x0000000710f00000, 0x0000000710f00000|100%| S|CS|TAMS 0x0000000710e00000, 0x0000000710e00000| Complete 
| 169|0x0000000710f00000, 0x0000000711000000, 0x0000000711000000|100%| S|CS|TAMS 0x0000000710f00000, 0x0000000710f00000| Complete 
| 170|0x0000000711000000, 0x0000000711100000, 0x0000000711100000|100%| S|CS|TAMS 0x0000000711000000, 0x0000000711000000| Complete 
| 171|0x0000000711100000, 0x0000000711200000, 0x0000000711200000|100%| S|CS|TAMS 0x0000000711100000, 0x0000000711100000| Complete 
| 172|0x0000000711200000, 0x0000000711300000, 0x0000000711300000|100%| S|CS|TAMS 0x0000000711200000, 0x0000000711200000| Complete 
| 173|0x0000000711300000, 0x0000000711300000, 0x0000000711400000|  0%| F|  |TAMS 0x0000000711300000, 0x0000000711300000| Untracked 
| 174|0x0000000711400000, 0x0000000711400000, 0x0000000711500000|  0%| F|  |TAMS 0x0000000711400000, 0x0000000711400000| Untracked 
| 175|0x0000000711500000, 0x0000000711500000, 0x0000000711600000|  0%| F|  |TAMS 0x0000000711500000, 0x0000000711500000| Untracked 
| 176|0x0000000711600000, 0x0000000711600000, 0x0000000711700000|  0%| F|  |TAMS 0x0000000711600000, 0x0000000711600000| Untracked 
| 177|0x0000000711700000, 0x0000000711700000, 0x0000000711800000|  0%| F|  |TAMS 0x0000000711700000, 0x0000000711700000| Untracked 
| 178|0x0000000711800000, 0x0000000711800000, 0x0000000711900000|  0%| F|  |TAMS 0x0000000711800000, 0x0000000711800000| Untracked 
| 179|0x0000000711900000, 0x0000000711900000, 0x0000000711a00000|  0%| F|  |TAMS 0x0000000711900000, 0x0000000711900000| Untracked 
| 180|0x0000000711a00000, 0x0000000711a00000, 0x0000000711b00000|  0%| F|  |TAMS 0x0000000711a00000, 0x0000000711a00000| Untracked 
| 181|0x0000000711b00000, 0x0000000711b00000, 0x0000000711c00000|  0%| F|  |TAMS 0x0000000711b00000, 0x0000000711b00000| Untracked 
| 182|0x0000000711c00000, 0x0000000711c00000, 0x0000000711d00000|  0%| F|  |TAMS 0x0000000711c00000, 0x0000000711c00000| Untracked 
| 183|0x0000000711d00000, 0x0000000711d00000, 0x0000000711e00000|  0%| F|  |TAMS 0x0000000711d00000, 0x0000000711d00000| Untracked 
| 184|0x0000000711e00000, 0x0000000711e00000, 0x0000000711f00000|  0%| F|  |TAMS 0x0000000711e00000, 0x0000000711e00000| Untracked 
| 185|0x0000000711f00000, 0x0000000711f00000, 0x0000000712000000|  0%| F|  |TAMS 0x0000000711f00000, 0x0000000711f00000| Untracked 
| 186|0x0000000712000000, 0x0000000712000000, 0x0000000712100000|  0%| F|  |TAMS 0x0000000712000000, 0x0000000712000000| Untracked 
| 187|0x0000000712100000, 0x0000000712100000, 0x0000000712200000|  0%| F|  |TAMS 0x0000000712100000, 0x0000000712100000| Untracked 
| 188|0x0000000712200000, 0x0000000712200000, 0x0000000712300000|  0%| F|  |TAMS 0x0000000712200000, 0x0000000712200000| Untracked 
| 189|0x0000000712300000, 0x0000000712300000, 0x0000000712400000|  0%| F|  |TAMS 0x0000000712300000, 0x0000000712300000| Untracked 
| 190|0x0000000712400000, 0x0000000712400000, 0x0000000712500000|  0%| F|  |TAMS 0x0000000712400000, 0x0000000712400000| Untracked 
| 191|0x0000000712500000, 0x0000000712500000, 0x0000000712600000|  0%| F|  |TAMS 0x0000000712500000, 0x0000000712500000| Untracked 
| 192|0x0000000712600000, 0x0000000712600000, 0x0000000712700000|  0%| F|  |TAMS 0x0000000712600000, 0x0000000712600000| Untracked 
| 193|0x0000000712700000, 0x0000000712700000, 0x0000000712800000|  0%| F|  |TAMS 0x0000000712700000, 0x0000000712700000| Untracked 
| 194|0x0000000712800000, 0x0000000712800000, 0x0000000712900000|  0%| F|  |TAMS 0x0000000712800000, 0x0000000712800000| Untracked 
| 195|0x0000000712900000, 0x0000000712900000, 0x0000000712a00000|  0%| F|  |TAMS 0x0000000712900000, 0x0000000712900000| Untracked 
| 196|0x0000000712a00000, 0x0000000712a00000, 0x0000000712b00000|  0%| F|  |TAMS 0x0000000712a00000, 0x0000000712a00000| Untracked 
| 197|0x0000000712b00000, 0x0000000712b00000, 0x0000000712c00000|  0%| F|  |TAMS 0x0000000712b00000, 0x0000000712b00000| Untracked 
| 198|0x0000000712c00000, 0x0000000712c00000, 0x0000000712d00000|  0%| F|  |TAMS 0x0000000712c00000, 0x0000000712c00000| Untracked 
| 199|0x0000000712d00000, 0x0000000712d00000, 0x0000000712e00000|  0%| F|  |TAMS 0x0000000712d00000, 0x0000000712d00000| Untracked 
| 200|0x0000000712e00000, 0x0000000712e00000, 0x0000000712f00000|  0%| F|  |TAMS 0x0000000712e00000, 0x0000000712e00000| Untracked 
| 201|0x0000000712f00000, 0x0000000712f00000, 0x0000000713000000|  0%| F|  |TAMS 0x0000000712f00000, 0x0000000712f00000| Untracked 
| 202|0x0000000713000000, 0x0000000713000000, 0x0000000713100000|  0%| F|  |TAMS 0x0000000713000000, 0x0000000713000000| Untracked 
| 203|0x0000000713100000, 0x0000000713100000, 0x0000000713200000|  0%| F|  |TAMS 0x0000000713100000, 0x0000000713100000| Untracked 
| 204|0x0000000713200000, 0x0000000713200000, 0x0000000713300000|  0%| F|  |TAMS 0x0000000713200000, 0x0000000713200000| Untracked 
| 205|0x0000000713300000, 0x0000000713300000, 0x0000000713400000|  0%| F|  |TAMS 0x0000000713300000, 0x0000000713300000| Untracked 
| 206|0x0000000713400000, 0x0000000713400000, 0x0000000713500000|  0%| F|  |TAMS 0x0000000713400000, 0x0000000713400000| Untracked 
| 207|0x0000000713500000, 0x0000000713500000, 0x0000000713600000|  0%| F|  |TAMS 0x0000000713500000, 0x0000000713500000| Untracked 
| 208|0x0000000713600000, 0x0000000713600000, 0x0000000713700000|  0%| F|  |TAMS 0x0000000713600000, 0x0000000713600000| Untracked 
| 209|0x0000000713700000, 0x0000000713700000, 0x0000000713800000|  0%| F|  |TAMS 0x0000000713700000, 0x0000000713700000| Untracked 
| 210|0x0000000713800000, 0x0000000713800000, 0x0000000713900000|  0%| F|  |TAMS 0x0000000713800000, 0x0000000713800000| Untracked 
| 211|0x0000000713900000, 0x0000000713900000, 0x0000000713a00000|  0%| F|  |TAMS 0x0000000713900000, 0x0000000713900000| Untracked 
| 212|0x0000000713a00000, 0x0000000713a00000, 0x0000000713b00000|  0%| F|  |TAMS 0x0000000713a00000, 0x0000000713a00000| Untracked 
| 213|0x0000000713b00000, 0x0000000713b00000, 0x0000000713c00000|  0%| F|  |TAMS 0x0000000713b00000, 0x0000000713b00000| Untracked 
| 214|0x0000000713c00000, 0x0000000713c00000, 0x0000000713d00000|  0%| F|  |TAMS 0x0000000713c00000, 0x0000000713c00000| Untracked 
| 215|0x0000000713d00000, 0x0000000713d00000, 0x0000000713e00000|  0%| F|  |TAMS 0x0000000713d00000, 0x0000000713d00000| Untracked 
| 216|0x0000000713e00000, 0x0000000713e00000, 0x0000000713f00000|  0%| F|  |TAMS 0x0000000713e00000, 0x0000000713e00000| Untracked 
| 217|0x0000000713f00000, 0x0000000714000000, 0x0000000714000000|100%| E|  |TAMS 0x0000000713f00000, 0x0000000713f00000| Complete 
| 218|0x0000000714000000, 0x0000000714100000, 0x0000000714100000|100%| E|CS|TAMS 0x0000000714000000, 0x0000000714000000| Complete 
| 219|0x0000000714100000, 0x0000000714200000, 0x0000000714200000|100%| E|CS|TAMS 0x0000000714100000, 0x0000000714100000| Complete 
| 220|0x0000000714200000, 0x0000000714300000, 0x0000000714300000|100%| E|CS|TAMS 0x0000000714200000, 0x0000000714200000| Complete 
| 221|0x0000000714300000, 0x0000000714400000, 0x0000000714400000|100%| E|CS|TAMS 0x0000000714300000, 0x0000000714300000| Complete 
| 222|0x0000000714400000, 0x0000000714500000, 0x0000000714500000|100%| E|CS|TAMS 0x0000000714400000, 0x0000000714400000| Complete 
| 223|0x0000000714500000, 0x0000000714600000, 0x0000000714600000|100%| E|CS|TAMS 0x0000000714500000, 0x0000000714500000| Complete 
| 224|0x0000000714600000, 0x0000000714700000, 0x0000000714700000|100%| E|CS|TAMS 0x0000000714600000, 0x0000000714600000| Complete 
| 225|0x0000000714700000, 0x0000000714800000, 0x0000000714800000|100%| E|CS|TAMS 0x0000000714700000, 0x0000000714700000| Complete 
| 226|0x0000000714800000, 0x0000000714900000, 0x0000000714900000|100%| E|CS|TAMS 0x0000000714800000, 0x0000000714800000| Complete 
| 227|0x0000000714900000, 0x0000000714a00000, 0x0000000714a00000|100%| E|CS|TAMS 0x0000000714900000, 0x0000000714900000| Complete 
| 228|0x0000000714a00000, 0x0000000714b00000, 0x0000000714b00000|100%| E|CS|TAMS 0x0000000714a00000, 0x0000000714a00000| Complete 
| 229|0x0000000714b00000, 0x0000000714c00000, 0x0000000714c00000|100%| E|CS|TAMS 0x0000000714b00000, 0x0000000714b00000| Complete 
| 230|0x0000000714c00000, 0x0000000714d00000, 0x0000000714d00000|100%| E|CS|TAMS 0x0000000714c00000, 0x0000000714c00000| Complete 
| 231|0x0000000714d00000, 0x0000000714e00000, 0x0000000714e00000|100%| E|CS|TAMS 0x0000000714d00000, 0x0000000714d00000| Complete 
| 232|0x0000000714e00000, 0x0000000714f00000, 0x0000000714f00000|100%| E|CS|TAMS 0x0000000714e00000, 0x0000000714e00000| Complete 
| 233|0x0000000714f00000, 0x0000000715000000, 0x0000000715000000|100%| E|CS|TAMS 0x0000000714f00000, 0x0000000714f00000| Complete 
| 234|0x0000000715000000, 0x0000000715100000, 0x0000000715100000|100%| E|CS|TAMS 0x0000000715000000, 0x0000000715000000| Complete 
| 235|0x0000000715100000, 0x0000000715200000, 0x0000000715200000|100%| E|CS|TAMS 0x0000000715100000, 0x0000000715100000| Complete 
| 236|0x0000000715200000, 0x0000000715300000, 0x0000000715300000|100%| E|CS|TAMS 0x0000000715200000, 0x0000000715200000| Complete 
| 237|0x0000000715300000, 0x0000000715400000, 0x0000000715400000|100%| E|CS|TAMS 0x0000000715300000, 0x0000000715300000| Complete 
| 238|0x0000000715400000, 0x0000000715500000, 0x0000000715500000|100%| E|CS|TAMS 0x0000000715400000, 0x0000000715400000| Complete 
| 239|0x0000000715500000, 0x0000000715600000, 0x0000000715600000|100%| E|CS|TAMS 0x0000000715500000, 0x0000000715500000| Complete 
| 240|0x0000000715600000, 0x0000000715700000, 0x0000000715700000|100%| E|CS|TAMS 0x0000000715600000, 0x0000000715600000| Complete 
| 241|0x0000000715700000, 0x0000000715800000, 0x0000000715800000|100%| E|CS|TAMS 0x0000000715700000, 0x0000000715700000| Complete 
| 242|0x0000000715800000, 0x0000000715900000, 0x0000000715900000|100%| E|CS|TAMS 0x0000000715800000, 0x0000000715800000| Complete 
| 243|0x0000000715900000, 0x0000000715a00000, 0x0000000715a00000|100%| E|CS|TAMS 0x0000000715900000, 0x0000000715900000| Complete 
| 244|0x0000000715a00000, 0x0000000715b00000, 0x0000000715b00000|100%| E|CS|TAMS 0x0000000715a00000, 0x0000000715a00000| Complete 
| 245|0x0000000715b00000, 0x0000000715c00000, 0x0000000715c00000|100%| E|CS|TAMS 0x0000000715b00000, 0x0000000715b00000| Complete 
| 246|0x0000000715c00000, 0x0000000715d00000, 0x0000000715d00000|100%| E|CS|TAMS 0x0000000715c00000, 0x0000000715c00000| Complete 
| 247|0x0000000715d00000, 0x0000000715e00000, 0x0000000715e00000|100%| E|CS|TAMS 0x0000000715d00000, 0x0000000715d00000| Complete 
| 248|0x0000000715e00000, 0x0000000715f00000, 0x0000000715f00000|100%| E|CS|TAMS 0x0000000715e00000, 0x0000000715e00000| Complete 
| 249|0x0000000715f00000, 0x0000000716000000, 0x0000000716000000|100%| E|CS|TAMS 0x0000000715f00000, 0x0000000715f00000| Complete 
| 250|0x0000000716000000, 0x0000000716100000, 0x0000000716100000|100%| E|CS|TAMS 0x0000000716000000, 0x0000000716000000| Complete 
| 251|0x0000000716100000, 0x0000000716200000, 0x0000000716200000|100%| E|CS|TAMS 0x0000000716100000, 0x0000000716100000| Complete 
| 252|0x0000000716200000, 0x0000000716300000, 0x0000000716300000|100%| E|CS|TAMS 0x0000000716200000, 0x0000000716200000| Complete 
| 253|0x0000000716300000, 0x0000000716400000, 0x0000000716400000|100%| E|CS|TAMS 0x0000000716300000, 0x0000000716300000| Complete 
| 254|0x0000000716400000, 0x0000000716500000, 0x0000000716500000|100%| E|CS|TAMS 0x0000000716400000, 0x0000000716400000| Complete 
| 255|0x0000000716500000, 0x0000000716600000, 0x0000000716600000|100%| E|CS|TAMS 0x0000000716500000, 0x0000000716500000| Complete 
| 256|0x0000000716600000, 0x0000000716700000, 0x0000000716700000|100%| E|CS|TAMS 0x0000000716600000, 0x0000000716600000| Complete 
| 257|0x0000000716700000, 0x0000000716800000, 0x0000000716800000|100%| E|CS|TAMS 0x0000000716700000, 0x0000000716700000| Complete 
| 258|0x0000000716800000, 0x0000000716900000, 0x0000000716900000|100%| E|CS|TAMS 0x0000000716800000, 0x0000000716800000| Complete 
| 259|0x0000000716900000, 0x0000000716a00000, 0x0000000716a00000|100%| E|CS|TAMS 0x0000000716900000, 0x0000000716900000| Complete 
| 260|0x0000000716a00000, 0x0000000716b00000, 0x0000000716b00000|100%| E|CS|TAMS 0x0000000716a00000, 0x0000000716a00000| Complete 
| 261|0x0000000716b00000, 0x0000000716c00000, 0x0000000716c00000|100%| E|CS|TAMS 0x0000000716b00000, 0x0000000716b00000| Complete 
| 262|0x0000000716c00000, 0x0000000716d00000, 0x0000000716d00000|100%| E|CS|TAMS 0x0000000716c00000, 0x0000000716c00000| Complete 
| 263|0x0000000716d00000, 0x0000000716e00000, 0x0000000716e00000|100%| E|CS|TAMS 0x0000000716d00000, 0x0000000716d00000| Complete 
| 264|0x0000000716e00000, 0x0000000716f00000, 0x0000000716f00000|100%| E|CS|TAMS 0x0000000716e00000, 0x0000000716e00000| Complete 
| 265|0x0000000716f00000, 0x0000000717000000, 0x0000000717000000|100%| E|CS|TAMS 0x0000000716f00000, 0x0000000716f00000| Complete 
| 266|0x0000000717000000, 0x0000000717100000, 0x0000000717100000|100%| E|CS|TAMS 0x0000000717000000, 0x0000000717000000| Complete 
| 267|0x0000000717100000, 0x0000000717200000, 0x0000000717200000|100%| E|CS|TAMS 0x0000000717100000, 0x0000000717100000| Complete 
| 268|0x0000000717200000, 0x0000000717300000, 0x0000000717300000|100%| E|CS|TAMS 0x0000000717200000, 0x0000000717200000| Complete 
| 269|0x0000000717300000, 0x0000000717400000, 0x0000000717400000|100%| E|CS|TAMS 0x0000000717300000, 0x0000000717300000| Complete 
| 270|0x0000000717400000, 0x0000000717500000, 0x0000000717500000|100%| E|CS|TAMS 0x0000000717400000, 0x0000000717400000| Complete 
| 271|0x0000000717500000, 0x0000000717600000, 0x0000000717600000|100%| E|CS|TAMS 0x0000000717500000, 0x0000000717500000| Complete 
| 272|0x0000000717600000, 0x0000000717700000, 0x0000000717700000|100%| E|CS|TAMS 0x0000000717600000, 0x0000000717600000| Complete 
| 273|0x0000000717700000, 0x0000000717800000, 0x0000000717800000|100%| E|CS|TAMS 0x0000000717700000, 0x0000000717700000| Complete 
| 274|0x0000000717800000, 0x0000000717900000, 0x0000000717900000|100%| E|CS|TAMS 0x0000000717800000, 0x0000000717800000| Complete 
| 275|0x0000000717900000, 0x0000000717a00000, 0x0000000717a00000|100%| E|CS|TAMS 0x0000000717900000, 0x0000000717900000| Complete 
| 276|0x0000000717a00000, 0x0000000717b00000, 0x0000000717b00000|100%| E|CS|TAMS 0x0000000717a00000, 0x0000000717a00000| Complete 
| 277|0x0000000717b00000, 0x0000000717c00000, 0x0000000717c00000|100%| E|CS|TAMS 0x0000000717b00000, 0x0000000717b00000| Complete 
| 278|0x0000000717c00000, 0x0000000717d00000, 0x0000000717d00000|100%| E|CS|TAMS 0x0000000717c00000, 0x0000000717c00000| Complete 
| 279|0x0000000717d00000, 0x0000000717e00000, 0x0000000717e00000|100%| E|CS|TAMS 0x0000000717d00000, 0x0000000717d00000| Complete 
| 280|0x0000000717e00000, 0x0000000717f00000, 0x0000000717f00000|100%| E|CS|TAMS 0x0000000717e00000, 0x0000000717e00000| Complete 
| 281|0x0000000717f00000, 0x0000000718000000, 0x0000000718000000|100%| E|CS|TAMS 0x0000000717f00000, 0x0000000717f00000| Complete 
| 282|0x0000000718000000, 0x0000000718100000, 0x0000000718100000|100%| E|CS|TAMS 0x0000000718000000, 0x0000000718000000| Complete 
| 283|0x0000000718100000, 0x0000000718200000, 0x0000000718200000|100%| E|CS|TAMS 0x0000000718100000, 0x0000000718100000| Complete 
| 284|0x0000000718200000, 0x0000000718300000, 0x0000000718300000|100%| E|CS|TAMS 0x0000000718200000, 0x0000000718200000| Complete 
| 285|0x0000000718300000, 0x0000000718400000, 0x0000000718400000|100%| E|CS|TAMS 0x0000000718300000, 0x0000000718300000| Complete 
| 286|0x0000000718400000, 0x0000000718500000, 0x0000000718500000|100%| E|CS|TAMS 0x0000000718400000, 0x0000000718400000| Complete 
| 287|0x0000000718500000, 0x0000000718600000, 0x0000000718600000|100%| E|CS|TAMS 0x0000000718500000, 0x0000000718500000| Complete 
| 288|0x0000000718600000, 0x0000000718700000, 0x0000000718700000|100%| E|CS|TAMS 0x0000000718600000, 0x0000000718600000| Complete 
| 289|0x0000000718700000, 0x0000000718800000, 0x0000000718800000|100%| E|CS|TAMS 0x0000000718700000, 0x0000000718700000| Complete 
| 290|0x0000000718800000, 0x0000000718900000, 0x0000000718900000|100%| E|CS|TAMS 0x0000000718800000, 0x0000000718800000| Complete 
| 291|0x0000000718900000, 0x0000000718a00000, 0x0000000718a00000|100%| E|CS|TAMS 0x0000000718900000, 0x0000000718900000| Complete 
| 292|0x0000000718a00000, 0x0000000718b00000, 0x0000000718b00000|100%| E|CS|TAMS 0x0000000718a00000, 0x0000000718a00000| Complete 
| 293|0x0000000718b00000, 0x0000000718c00000, 0x0000000718c00000|100%| E|CS|TAMS 0x0000000718b00000, 0x0000000718b00000| Complete 
| 294|0x0000000718c00000, 0x0000000718d00000, 0x0000000718d00000|100%| E|CS|TAMS 0x0000000718c00000, 0x0000000718c00000| Complete 
| 295|0x0000000718d00000, 0x0000000718e00000, 0x0000000718e00000|100%| E|CS|TAMS 0x0000000718d00000, 0x0000000718d00000| Complete 
| 296|0x0000000718e00000, 0x0000000718f00000, 0x0000000718f00000|100%| E|CS|TAMS 0x0000000718e00000, 0x0000000718e00000| Complete 
| 297|0x0000000718f00000, 0x0000000719000000, 0x0000000719000000|100%| E|CS|TAMS 0x0000000718f00000, 0x0000000718f00000| Complete 
| 298|0x0000000719000000, 0x0000000719100000, 0x0000000719100000|100%| E|CS|TAMS 0x0000000719000000, 0x0000000719000000| Complete 
| 299|0x0000000719100000, 0x0000000719200000, 0x0000000719200000|100%| E|CS|TAMS 0x0000000719100000, 0x0000000719100000| Complete 

Card table byte_map: [0x0000015f00b20000,0x0000015f012f0000] _byte_map_base: 0x0000015efd2ed000

Marking Bits (Prev, Next): (CMBitMap*) 0x0000015f6d4954d0, (CMBitMap*) 0x0000015f6d495498
 Prev Bits: [0x0000015f05930000, 0x0000015f09798000)
 Next Bits: [0x0000015f01ac0000, 0x0000015f05928000)

Polling page: 0x0000015f6cc00000

Metaspace:

Usage:
  Non-class:     59.81 MB capacity,    59.33 MB (>99%) used,   386.82 KB ( <1%) free+waste,   108.19 KB ( <1%) overhead. 
      Class:      7.92 MB capacity,     7.60 MB ( 96%) used,   278.29 KB (  3%) free+waste,    46.06 KB ( <1%) overhead. 
       Both:     67.73 MB capacity,    66.93 MB ( 99%) used,   665.11 KB ( <1%) free+waste,   154.25 KB ( <1%) overhead. 

Virtual space:
  Non-class space:       62.00 MB reserved,      60.00 MB ( 97%) committed 
      Class space:        1.00 GB reserved,       8.00 MB ( <1%) committed 
             Both:        1.06 GB reserved,      68.00 MB (  6%) committed 

Chunk freelists:
   Non-Class:  3.00 KB
       Class:  17.00 KB
        Both:  20.00 KB

MaxMetaspaceSize: 17179869184.00 GB
CompressedClassSpaceSize: 1.00 GB

CodeHeap 'non-profiled nmethods': size=120000Kb used=2799Kb max_used=2799Kb free=117201Kb
 bounds [0x0000015f789e0000, 0x0000015f78ca0000, 0x0000015f7ff10000]
CodeHeap 'profiled nmethods': size=120000Kb used=19568Kb max_used=19568Kb free=100431Kb
 bounds [0x0000015f714b0000, 0x0000015f727d0000, 0x0000015f789e0000]
CodeHeap 'non-nmethods': size=5760Kb used=1278Kb max_used=1296Kb free=4481Kb
 bounds [0x0000015f70f10000, 0x0000015f71180000, 0x0000015f714b0000]
 total_blobs=8790 nmethods=8162 adapters=537
 compilation: enabled
              stopped_count=0, restarted_count=0
 full_count=0

Compilation events (20 events):
Event: 16.560 Thread 0x0000015f0cc00000 8306       1       org.jetbrains.kotlin.serialization.SerializerExtensionProtocol::getTypeAnnotation (5 bytes)
Event: 16.561 Thread 0x0000015f0cc00000 nmethod 8306 0x0000015f78c95910 code [0x0000015f78c95ac0, 0x0000015f78c95b78]
Event: 16.563 Thread 0x0000015f0cc00000 8308       2       org.jetbrains.kotlin.descriptors.FindClassInModuleKt::findClassifierAcrossModuleDependencies (746 bytes)
Event: 16.568 Thread 0x0000015f0cc00000 nmethod 8308 0x0000015f727c2e10 code [0x0000015f727c3440, 0x0000015f727c50b8]
Event: 16.568 Thread 0x0000015f0cc00000 8309       2       org.jetbrains.kotlin.serialization.deserialization.descriptors.DeserializedAnnotations::<init> (28 bytes)
Event: 16.569 Thread 0x0000015f0cc00000 nmethod 8309 0x0000015f727c6310 code [0x0000015f727c6560, 0x0000015f727c6a48]
Event: 16.569 Thread 0x0000015f0cc00000 8311       2       org.jetbrains.kotlin.backend.common.serialization.mangle.descriptor.DescriptorExportCheckerVisitor::isExported (102 bytes)
Event: 16.570 Thread 0x0000015f0cc00000 nmethod 8311 0x0000015f727c6d10 code [0x0000015f727c6f00, 0x0000015f727c7228]
Event: 16.570 Thread 0x0000015f0cc00000 8312       2       org.jetbrains.kotlin.backend.common.serialization.mangle.MangleUtilsKt::getPublishedApiAnnotation (4 bytes)
Event: 16.570 Thread 0x0000015f0cc00000 nmethod 8312 0x0000015f727c7410 code [0x0000015f727c75c0, 0x0000015f727c7698]
Event: 16.570 Thread 0x0000015f0cc00000 8313       2       org.jetbrains.kotlin.backend.common.serialization.mangle.descriptor.DescriptorExportCheckerVisitor::isPubliclyVisible (20 bytes)
Event: 16.570 Thread 0x0000015f0cc00000 nmethod 8313 0x0000015f727c7710 code [0x0000015f727c78c0, 0x0000015f727c7a28]
Event: 16.570 Thread 0x0000015f0cc00000 8310       1       org.jetbrains.kotlin.serialization.deserialization.DeserializationContext::getContainerSource (5 bytes)
Event: 16.571 Thread 0x0000015f0cc00000 nmethod 8310 0x0000015f78c95c10 code [0x0000015f78c95dc0, 0x0000015f78c95e78]
Event: 16.576 Thread 0x0000015f0cc00000 8316       2       org.jetbrains.kotlin.serialization.deserialization.TypeDeserializer::computeLocalClassifierReplacementType (35 bytes)
Event: 16.577 Thread 0x0000015f0cc00000 nmethod 8316 0x0000015f727c7b10 code [0x0000015f727c7d40, 0x0000015f727c8198]
Event: 16.578 Thread 0x0000015f0cc00000 8317       2       org.jetbrains.kotlin.descriptors.deserialization.PlatformDependentTypeTransformer$None::transformPlatformType (14 bytes)
Event: 16.578 Thread 0x0000015f0cc00000 nmethod 8317 0x0000015f727c8490 code [0x0000015f727c86c0, 0x0000015f727c8af8]
Event: 16.578 Thread 0x0000015f0cc00000 8319       1       org.jetbrains.kotlin.serialization.deserialization.DeserializationComponents::getExtensionRegistryLite (5 bytes)
Event: 16.578 Thread 0x0000015f0cc00000 nmethod 8319 0x0000015f78c95f10 code [0x0000015f78c960c0, 0x0000015f78c96178]

GC Heap History (12 events):
Event: 1.298 GC heap before
{Heap before GC invocations=0 (full 0):
 garbage-first heap   total 256000K, used 27648K [0x0000000706600000, 0x0000000800000000)
  region size 1024K, 24 young (24576K), 0 survivors (0K)
 Metaspace       used 12304K, capacity 12341K, committed 12544K, reserved 1060864K
  class space    used 1157K, capacity 1174K, committed 1280K, reserved 1048576K
}
Event: 1.304 GC heap after
{Heap after GC invocations=1 (full 0):
 garbage-first heap   total 256000K, used 5930K [0x0000000706600000, 0x0000000800000000)
  region size 1024K, 3 young (3072K), 3 survivors (3072K)
 Metaspace       used 12304K, capacity 12341K, committed 12544K, reserved 1060864K
  class space    used 1157K, capacity 1174K, committed 1280K, reserved 1048576K
}
Event: 2.883 GC heap before
{Heap before GC invocations=1 (full 0):
 garbage-first heap   total 256000K, used 42794K [0x0000000706600000, 0x0000000800000000)
  region size 1024K, 40 young (40960K), 3 survivors (3072K)
 Metaspace       used 20996K, capacity 21166K, committed 21248K, reserved 1069056K
  class space    used 2216K, capacity 2284K, committed 2304K, reserved 1048576K
}
Event: 2.907 GC heap after
{Heap after GC invocations=2 (full 0):
 garbage-first heap   total 256000K, used 9507K [0x0000000706600000, 0x0000000800000000)
  region size 1024K, 7 young (7168K), 7 survivors (7168K)
 Metaspace       used 20996K, capacity 21166K, committed 21248K, reserved 1069056K
  class space    used 2216K, capacity 2284K, committed 2304K, reserved 1048576K
}
Event: 5.258 GC heap before
{Heap before GC invocations=3 (full 0):
 garbage-first heap   total 256000K, used 71971K [0x0000000706600000, 0x0000000800000000)
  region size 1024K, 56 young (57344K), 7 survivors (7168K)
 Metaspace       used 31474K, capacity 31997K, committed 32128K, reserved 1077248K
  class space    used 3910K, capacity 4120K, committed 4224K, reserved 1048576K
}
Event: 5.283 GC heap after
{Heap after GC invocations=4 (full 0):
 garbage-first heap   total 256000K, used 24289K [0x0000000706600000, 0x0000000800000000)
  region size 1024K, 7 young (7168K), 7 survivors (7168K)
 Metaspace       used 31474K, capacity 31997K, committed 32128K, reserved 1077248K
  class space    used 3910K, capacity 4120K, committed 4224K, reserved 1048576K
}
Event: 5.965 GC heap before
{Heap before GC invocations=4 (full 0):
 garbage-first heap   total 256000K, used 41697K [0x0000000706600000, 0x0000000800000000)
  region size 1024K, 25 young (25600K), 7 survivors (7168K)
 Metaspace       used 35248K, capacity 35758K, committed 35840K, reserved 1081344K
  class space    used 4344K, capacity 4542K, committed 4608K, reserved 1048576K
}
Event: 5.979 GC heap after
{Heap after GC invocations=5 (full 0):
 garbage-first heap   total 256000K, used 23368K [0x0000000706600000, 0x0000000800000000)
  region size 1024K, 8 young (8192K), 8 survivors (8192K)
 Metaspace       used 35248K, capacity 35758K, committed 35840K, reserved 1081344K
  class space    used 4344K, capacity 4542K, committed 4608K, reserved 1048576K
}
Event: 9.410 GC heap before
{Heap before GC invocations=6 (full 0):
 garbage-first heap   total 256000K, used 132936K [0x0000000706600000, 0x0000000800000000)
  region size 1024K, 112 young (114688K), 8 survivors (8192K)
 Metaspace       used 51411K, capacity 52081K, committed 52352K, reserved 1095680K
  class space    used 5992K, capacity 6219K, committed 6272K, reserved 1048576K
}
Event: 9.443 GC heap after
{Heap after GC invocations=7 (full 0):
 garbage-first heap   total 256000K, used 36352K [0x0000000706600000, 0x0000000800000000)
  region size 1024K, 13 young (13312K), 13 survivors (13312K)
 Metaspace       used 51411K, capacity 52081K, committed 52352K, reserved 1095680K
  class space    used 5992K, capacity 6219K, committed 6272K, reserved 1048576K
}
Event: 12.518 GC heap before
{Heap before GC invocations=7 (full 0):
 garbage-first heap   total 256000K, used 114176K [0x0000000706600000, 0x0000000800000000)
  region size 1024K, 90 young (92160K), 13 survivors (13312K)
 Metaspace       used 59314K, capacity 60047K, committed 60160K, reserved 1101824K
  class space    used 6921K, capacity 7231K, committed 7296K, reserved 1048576K
}
Event: 12.639 GC heap after
{Heap after GC invocations=8 (full 0):
 garbage-first heap   total 307200K, used 46715K [0x0000000706600000, 0x0000000800000000)
  region size 1024K, 11 young (11264K), 11 survivors (11264K)
 Metaspace       used 59314K, capacity 60047K, committed 60160K, reserved 1101824K
  class space    used 6921K, capacity 7231K, committed 7296K, reserved 1048576K
}

Deoptimization events (20 events):
Event: 16.531 Thread 0x0000015f6d434000 Uncommon trap: trap_request=0xffffffde fr.pc=0x0000015f78c40ed0 relative=0x0000000000001fd0
Event: 16.531 Thread 0x0000015f6d434000 Uncommon trap: reason=class_check action=maybe_recompile pc=0x0000015f78c40ed0 method=org.jetbrains.org.objectweb.asm.ClassReader.readElementValue(Lorg/jetbrains/org/objectweb/asm/AnnotationVisitor;ILjava/lang/String;[C)I @ 536 c2
Event: 16.531 Thread 0x0000015f6d434000 DEOPT PACKING pc=0x0000015f78c40ed0 sp=0x0000003ca59fd2d0
Event: 16.531 Thread 0x0000015f6d434000 DEOPT UNPACKING pc=0x0000015f70f183af sp=0x0000003ca59fd250 mode 2
Event: 16.534 Thread 0x0000015f6d434000 Uncommon trap: trap_request=0xffffffde fr.pc=0x0000015f78c40ed0 relative=0x0000000000001fd0
Event: 16.534 Thread 0x0000015f6d434000 Uncommon trap: reason=class_check action=maybe_recompile pc=0x0000015f78c40ed0 method=org.jetbrains.org.objectweb.asm.ClassReader.readElementValue(Lorg/jetbrains/org/objectweb/asm/AnnotationVisitor;ILjava/lang/String;[C)I @ 536 c2
Event: 16.534 Thread 0x0000015f6d434000 DEOPT PACKING pc=0x0000015f78c40ed0 sp=0x0000003ca59fd2d0
Event: 16.534 Thread 0x0000015f6d434000 DEOPT UNPACKING pc=0x0000015f70f183af sp=0x0000003ca59fd250 mode 2
Event: 16.536 Thread 0x0000015f6d434000 Uncommon trap: trap_request=0xffffffde fr.pc=0x0000015f78c40ed0 relative=0x0000000000001fd0
Event: 16.536 Thread 0x0000015f6d434000 Uncommon trap: reason=class_check action=maybe_recompile pc=0x0000015f78c40ed0 method=org.jetbrains.org.objectweb.asm.ClassReader.readElementValue(Lorg/jetbrains/org/objectweb/asm/AnnotationVisitor;ILjava/lang/String;[C)I @ 536 c2
Event: 16.536 Thread 0x0000015f6d434000 DEOPT PACKING pc=0x0000015f78c40ed0 sp=0x0000003ca59fd390
Event: 16.536 Thread 0x0000015f6d434000 DEOPT UNPACKING pc=0x0000015f70f183af sp=0x0000003ca59fd310 mode 2
Event: 16.554 Thread 0x0000015f6d434000 Uncommon trap: trap_request=0xffffff4d fr.pc=0x0000015f78c5e45c relative=0x0000000000000e9c
Event: 16.554 Thread 0x0000015f6d434000 Uncommon trap: reason=unstable_if action=reinterpret pc=0x0000015f78c5e45c method=org.jetbrains.kotlin.renderer.RenderingUtilsKt.shouldBeEscaped(Lorg/jetbrains/kotlin/name/Name;)Z @ 4 c2
Event: 16.554 Thread 0x0000015f6d434000 DEOPT PACKING pc=0x0000015f78c5e45c sp=0x0000003ca59fcdd0
Event: 16.554 Thread 0x0000015f6d434000 DEOPT UNPACKING pc=0x0000015f70f183af sp=0x0000003ca59fcd48 mode 2
Event: 16.563 Thread 0x0000015f6d434000 Uncommon trap: trap_request=0xffffff4d fr.pc=0x0000015f78c94c08 relative=0x00000000000001a8
Event: 16.563 Thread 0x0000015f6d434000 Uncommon trap: reason=unstable_if action=reinterpret pc=0x0000015f78c94c08 method=org.jetbrains.kotlin.backend.common.serialization.mangle.descriptor.DescriptorExportCheckerVisitor.isExported(Lorg/jetbrains/kotlin/descriptors/DeclarationDescriptorNonRoot;
Event: 16.563 Thread 0x0000015f6d434000 DEOPT PACKING pc=0x0000015f78c94c08 sp=0x0000003ca59fdda0
Event: 16.563 Thread 0x0000015f6d434000 DEOPT UNPACKING pc=0x0000015f70f183af sp=0x0000003ca59fdd18 mode 2

Classes redefined (0 events):
No events

Internal exceptions (20 events):
Event: 9.287 Thread 0x0000015f6d434000 Exception <a 'java/lang/NoSuchMethodError'{0x000000070f39c3d8}: 'java.lang.Object java.lang.invoke.Invokers$Holder.linkToTargetMethod(java.lang.Object, java.lang.Object, java.lang.Object, java.lang.Object, java.lang.Object, java.lang.Object)'> (0x000000070f39c3d8) thrown at [./src/hotspot/share/interpreter/linkResolver.cpp, line 773]
Event: 9.598 Thread 0x0000015f6d434000 Implicit null exception at 0x0000015f78b0cecc to 0x0000015f78b0cfb4
Event: 9.788 Thread 0x0000015f6d434000 Exception <a 'java/lang/NoSuchMethodError'{0x00000007152696e0}: 'java.lang.Object java.lang.invoke.DirectMethodHandle$Holder.invokeSpecial(java.lang.Object, java.lang.Object, java.lang.Object, java.lang.Object, java.lang.Object, java.lang.Object, java.lang.Object, java.lang.Object, java.lang.Object)'> (0x00000007152696e0) thrown at [./src/hotspot/share/interpreter/linkResolver.cpp, line 773]
Event: 9.789 Thread 0x0000015f6d434000 Exception <a 'java/lang/NoSuchMethodError'{0x000000071526d8d8}: 'java.lang.Object java.lang.invoke.Invokers$Holder.linkToTargetMethod(java.lang.Object, java.lang.Object, java.lang.Object, java.lang.Object, java.lang.Object, java.lang.Object, java.lang.Object, java.lang.Object)'> (0x000000071526d8d8) thrown at [./src/hotspot/share/interpreter/linkResolver.cpp, line 773]
Event: 9.839 Thread 0x0000015f6d434000 Exception <a 'java/lang/NoSuchMethodError'{0x000000071512eab0}: 'int java.lang.invoke.DirectMethodHandle$Holder.invokeStaticInit(java.lang.Object, int)'> (0x000000071512eab0) thrown at [./src/hotspot/share/interpreter/linkResolver.cpp, line 773]
Event: 10.269 Thread 0x0000015f6d434000 Exception <a 'java/lang/NoSuchMethodError'{0x0000000714872ef0}: 'java.lang.Object java.lang.invoke.DirectMethodHandle$Holder.invokeStaticInit(java.lang.Object, java.lang.Object, java.lang.Object)'> (0x0000000714872ef0) thrown at [./src/hotspot/share/interpreter/linkResolver.cpp, line 773]
Event: 11.593 Thread 0x0000015f6d434000 Exception <a 'java/lang/NoSuchMethodError'{0x00000007127fb1e8}: 'int java.lang.invoke.DirectMethodHandle$Holder.invokeInterface(java.lang.Object, java.lang.Object)'> (0x00000007127fb1e8) thrown at [./src/hotspot/share/interpreter/linkResolver.cpp, line 773]
Event: 11.715 Thread 0x0000015f6d434000 Implicit null exception at 0x0000015f78ab9fc3 to 0x0000015f78aba148
Event: 11.715 Thread 0x0000015f6d434000 Implicit null exception at 0x0000015f78a3edf8 to 0x0000015f78a3ee8a
Event: 11.721 Thread 0x0000015f6d434000 Implicit null exception at 0x0000015f78a3962f to 0x0000015f78a396a9
Event: 11.775 Thread 0x0000015f6d434000 Exception <a 'java/lang/NoSuchMethodError'{0x0000000711e1d168}: 'java.lang.Object java.lang.invoke.Invokers$Holder.linkToTargetMethod(java.lang.Object, java.lang.Object, java.lang.Object, int, int, java.lang.Object)'> (0x0000000711e1d168) thrown at [./src/hotspot/share/interpreter/linkResolver.cpp, line 773]
Event: 11.866 Thread 0x0000015f6d434000 Exception <a 'java/lang/NoSuchMethodError'{0x0000000711dff538}: 'int java.lang.invoke.DirectMethodHandle$Holder.invokeVirtual(java.lang.Object, java.lang.Object, java.lang.Object)'> (0x0000000711dff538) thrown at [./src/hotspot/share/interpreter/linkResolver.cpp, line 773]
Event: 12.114 Thread 0x0000015f6d434000 Exception <a 'java/lang/NoSuchMethodError'{0x00000007119d0048}: 'java.lang.Object java.lang.invoke.DirectMethodHandle$Holder.invokeSpecial(java.lang.Object, java.lang.Object, java.lang.Object, java.lang.Object, java.lang.Object, int)'> (0x00000007119d0048) thrown at [./src/hotspot/share/interpreter/linkResolver.cpp, line 773]
Event: 12.114 Thread 0x0000015f6d434000 Exception <a 'java/lang/NoSuchMethodError'{0x00000007119d3e90}: 'java.lang.Object java.lang.invoke.Invokers$Holder.linkToTargetMethod(java.lang.Object, java.lang.Object, java.lang.Object, int, java.lang.Object)'> (0x00000007119d3e90) thrown at [./src/hotspot/share/interpreter/linkResolver.cpp, line 773]
Event: 12.274 Thread 0x0000015f6d434000 Exception <a 'java/lang/IncompatibleClassChangeError'{0x000000071167e098}: Found class java.lang.Object, but interface was expected> (0x000000071167e098) thrown at [./src/hotspot/share/interpreter/linkResolver.cpp, line 839]
Event: 12.451 Thread 0x0000015f6d434000 Exception <a 'java/lang/NoSuchMethodError'{0x0000000711475fc8}: 'java.lang.Object java.lang.invoke.DirectMethodHandle$Holder.invokeInterface(java.lang.Object, java.lang.Object, java.lang.Object)'> (0x0000000711475fc8) thrown at [./src/hotspot/share/interpreter/linkResolver.cpp, line 773]
Event: 12.472 Thread 0x0000015f6d434000 Exception <a 'java/lang/IncompatibleClassChangeError'{0x00000007114c31a8}: Found class java.lang.Object, but interface was expected> (0x00000007114c31a8) thrown at [./src/hotspot/share/interpreter/linkResolver.cpp, line 839]
Event: 13.982 Thread 0x0000015f6d434000 Exception <a 'java/lang/NoSuchMethodError'{0x0000000717a80198}: 'java.lang.Object java.lang.invoke.DirectMethodHandle$Holder.invokeStatic(java.lang.Object, int, java.lang.Object, java.lang.Object)'> (0x0000000717a80198) thrown at [./src/hotspot/share/interpreter/linkResolver.cpp, line 773]
Event: 14.251 Thread 0x0000015f6d434000 Implicit null exception at 0x0000015f78a3a9f5 to 0x0000015f78a3abe4
Event: 15.220 Thread 0x0000015f6d434000 Implicit null exception at 0x0000015f78a432f4 to 0x0000015f78a43524

Events (20 events):
Event: 16.507 loading class org/jetbrains/kotlin/backend/common/psi/PsiErrorBuilder
Event: 16.507 loading class org/jetbrains/kotlin/backend/common/psi/PsiErrorBuilder done
Event: 16.509 loading class org/jetbrains/kotlin/backend/jvm/JvmBackendContext$JvmIr
Event: 16.509 loading class org/jetbrains/kotlin/backend/jvm/JvmBackendContext$JvmIr done
Event: 16.509 loading class org/jetbrains/kotlin/backend/common/ir/Ir
Event: 16.509 loading class org/jetbrains/kotlin/backend/common/ir/Ir done
Event: 16.512 loading class org/jetbrains/kotlin/backend/common/lower/LocalDeclarationsLowering$LocalScopeWithCounterMap
Event: 16.512 loading class org/jetbrains/kotlin/backend/common/lower/LocalDeclarationsLowering$LocalScopeWithCounterMap done
Event: 16.569 loading class org/jetbrains/kotlin/backend/common/ir/BuiltinSymbolsBase$progressionElementTypes$2
Event: 16.569 loading class org/jetbrains/kotlin/backend/common/ir/BuiltinSymbolsBase$progressionElementTypes$2 done
Event: 16.570 loading class org/jetbrains/kotlin/backend/common/ir/BuiltinSymbolsBase$arrayOf$1
Event: 16.570 loading class org/jetbrains/kotlin/backend/common/ir/BuiltinSymbolsBase$arrayOf$1 done
Event: 16.572 loading class org/jetbrains/kotlin/backend/common/ir/BuiltinSymbolsBase$primitiveArrayOfByType$1$function$1
Event: 16.572 loading class org/jetbrains/kotlin/backend/common/ir/BuiltinSymbolsBase$primitiveArrayOfByType$1$function$1 done
Event: 16.581 loading class org/jetbrains/kotlin/backend/common/ir/BuiltinSymbolsBase$arrayOfNulls$1
Event: 16.581 loading class org/jetbrains/kotlin/backend/common/ir/BuiltinSymbolsBase$arrayOfNulls$1 done
Event: 16.590 loading class org/jetbrains/kotlin/backend/common/ir/BuiltinSymbolsBase$extensionToString$1
Event: 16.590 loading class org/jetbrains/kotlin/backend/common/ir/BuiltinSymbolsBase$extensionToString$1 done
Event: 16.592 loading class org/jetbrains/kotlin/backend/common/ir/BuiltinSymbolsBase$stringPlus$1
Event: 16.592 loading class org/jetbrains/kotlin/backend/common/ir/BuiltinSymbolsBase$stringPlus$1 done


Dynamic libraries:
0x00007ff73b8a0000 - 0x00007ff73b8aa000 	C:\Program Files\Android\Android Studio\jre\bin\java.exe
0x00007ffe54340000 - 0x00007ffe5454f000 	C:\WINDOWS\SYSTEM32\ntdll.dll
0x00007ffe52790000 - 0x00007ffe5284d000 	C:\WINDOWS\System32\KERNEL32.DLL
0x00007ffe51ca0000 - 0x00007ffe5202c000 	C:\WINDOWS\System32\KERNELBASE.dll
0x00007ffe4b280000 - 0x00007ffe4b312000 	C:\WINDOWS\SYSTEM32\apphelp.dll
0x00007ffe51b80000 - 0x00007ffe51c91000 	C:\WINDOWS\System32\ucrtbase.dll
0x00007ffe3bcb0000 - 0x00007ffe3bcc7000 	C:\Program Files\Android\Android Studio\jre\bin\VCRUNTIME140.dll
0x00007ffe3bc90000 - 0x00007ffe3bca9000 	C:\Program Files\Android\Android Studio\jre\bin\jli.dll
0x00007ffe53d50000 - 0x00007ffe53ef6000 	C:\WINDOWS\System32\USER32.dll
0x00007ffe52030000 - 0x00007ffe52056000 	C:\WINDOWS\System32\win32u.dll
0x00007ffe31f00000 - 0x00007ffe321a1000 	C:\WINDOWS\WinSxS\amd64_microsoft.windows.common-controls_6595b64144ccf1df_6.0.22483.1000_none_2379e275ad5e9fb8\COMCTL32.dll
0x00007ffe52760000 - 0x00007ffe52789000 	C:\WINDOWS\System32\GDI32.dll
0x00007ffe52850000 - 0x00007ffe528f4000 	C:\WINDOWS\System32\msvcrt.dll
0x00007ffe51810000 - 0x00007ffe51927000 	C:\WINDOWS\System32\gdi32full.dll
0x00007ffe52060000 - 0x00007ffe520fa000 	C:\WINDOWS\System32\msvcp_win.dll
0x00007ffe53d10000 - 0x00007ffe53d41000 	C:\WINDOWS\System32\IMM32.DLL
0x00007ffe23c20000 - 0x00007ffe23cbd000 	C:\Program Files\Android\Android Studio\jre\bin\msvcp140.dll
0x00007ffdc1d10000 - 0x00007ffdc27df000 	C:\Program Files\Android\Android Studio\jre\bin\server\jvm.dll
0x00007ffe53c60000 - 0x00007ffe53d0e000 	C:\WINDOWS\System32\ADVAPI32.dll
0x00007ffe53010000 - 0x00007ffe530b1000 	C:\WINDOWS\System32\sechost.dll
0x00007ffe52b20000 - 0x00007ffe52c3f000 	C:\WINDOWS\System32\RPCRT4.dll
0x00007ffe53c40000 - 0x00007ffe53c48000 	C:\WINDOWS\System32\PSAPI.DLL
0x00007ffde6b20000 - 0x00007ffde6b29000 	C:\WINDOWS\SYSTEM32\WSOCK32.dll
0x00007ffe47260000 - 0x00007ffe4726a000 	C:\WINDOWS\SYSTEM32\VERSION.dll
0x00007ffe53a40000 - 0x00007ffe53ab1000 	C:\WINDOWS\System32\WS2_32.dll
0x00007ffe472c0000 - 0x00007ffe472f4000 	C:\WINDOWS\SYSTEM32\WINMM.dll
0x00007ffe50900000 - 0x00007ffe50918000 	C:\WINDOWS\SYSTEM32\kernel.appcore.dll
0x00007ffe27e40000 - 0x00007ffe27e51000 	C:\Program Files\Android\Android Studio\jre\bin\verify.dll
0x00007ffe4f4b0000 - 0x00007ffe4f6d7000 	C:\WINDOWS\SYSTEM32\DBGHELP.DLL
0x00007ffe52c90000 - 0x00007ffe5300b000 	C:\WINDOWS\System32\combase.dll
0x00007ffe450b0000 - 0x00007ffe450e1000 	C:\WINDOWS\SYSTEM32\dbgcore.DLL
0x00007ffe51af0000 - 0x00007ffe51b71000 	C:\WINDOWS\System32\bcryptPrimitives.dll
0x00007ffe275d0000 - 0x00007ffe275f9000 	C:\Program Files\Android\Android Studio\jre\bin\java.dll
0x00007ffe3d4e0000 - 0x00007ffe3d4eb000 	C:\Program Files\Android\Android Studio\jre\bin\jimage.dll
0x00007ffe276a0000 - 0x00007ffe276b8000 	C:\Program Files\Android\Android Studio\jre\bin\zip.dll
0x00007ffe530c0000 - 0x00007ffe5386c000 	C:\WINDOWS\System32\SHELL32.dll
0x00007ffe4f890000 - 0x00007ffe500e7000 	C:\WINDOWS\SYSTEM32\windows.storage.dll
0x00007ffe4f740000 - 0x00007ffe4f889000 	C:\WINDOWS\SYSTEM32\wintypes.dll
0x00007ffe53f90000 - 0x00007ffe54080000 	C:\WINDOWS\System32\SHCORE.dll
0x00007ffe52630000 - 0x00007ffe5268b000 	C:\WINDOWS\System32\shlwapi.dll
0x00007ffe51740000 - 0x00007ffe51761000 	C:\WINDOWS\SYSTEM32\profapi.dll
0x00007ffe25b90000 - 0x00007ffe25baa000 	C:\Program Files\Android\Android Studio\jre\bin\net.dll
0x00007ffe48960000 - 0x00007ffe48a71000 	C:\WINDOWS\SYSTEM32\WINHTTP.dll
0x00007ffe50d40000 - 0x00007ffe50da9000 	C:\WINDOWS\system32\mswsock.dll
0x00007ffe241b0000 - 0x00007ffe241c4000 	C:\Program Files\Android\Android Studio\jre\bin\nio.dll

dbghelp: loaded successfully - version: 4.0.5 - missing functions: none
symbol engine: initialized successfully - sym options: 0x614 - pdb path: .;C:\Program Files\Android\Android Studio\jre\bin;C:\WINDOWS\SYSTEM32;C:\WINDOWS\WinSxS\amd64_microsoft.windows.common-controls_6595b64144ccf1df_6.0.22483.1000_none_2379e275ad5e9fb8;C:\Program Files\Android\Android Studio\jre\bin\server

VM Arguments:
java_command: org.jetbrains.kotlin.cli.jvm.K2JVMCompiler @C:\Users\albto\AndroidStudioProjects\NotesAppFullRoom\app\build\20211030_1995359657152367811.compiler.options
java_class_path (initial): C:\Users\albto\.gradle\caches\modules-2\files-2.1\org.jetbrains.kotlin\kotlin-compiler-embeddable\1.5.31\cc18c29253541dc57c25c3ef514d63c7953ae1a6\kotlin-compiler-embeddable-1.5.31.jar;C:\Users\albto\.gradle\caches\modules-2\files-2.1\org.jetbrains.kotlin\kotlin-reflect\1.5.31\1523fcd842a47da0820cea772b19c51056fec8a9\kotlin-reflect-1.5.31.jar;C:\Users\albto\.gradle\caches\modules-2\files-2.1\org.jetbrains.kotlin\kotlin-stdlib\1.5.31\6628d61d0f5603568e72d2d5915d2c034b4f1c55\kotlin-stdlib-1.5.31.jar;C:\Users\albto\.gradle\caches\modules-2\files-2.1\org.jetbrains.kotlin\kotlin-script-runtime\1.5.31\aaea854be2cfc06373dfc11be5a6ba9ca5ca84a6\kotlin-script-runtime-1.5.31.jar;C:\Users\albto\.gradle\caches\modules-2\files-2.1\org.jetbrains.kotlin\kotlin-daemon-embeddable\1.5.31\d19b549661e28c62781683dc7c7e34bf416974f1\kotlin-daemon-embeddable-1.5.31.jar;C:\Users\albto\.gradle\caches\modules-2\files-2.1\org.jetbrains.intellij.deps\trove4j\1.0.20181211\216c2e14b070f334479d800987affe4054cd563f\trove4j-1.0.20181211.jar;C:\Users\albto\.gradle\caches\modules-2\files-2.1\org.jetbrains\annotations\13.0\919f0dfe192fb4e063e7dacadee7f8bb9a2672a9\annotations-13.0.jar;C:\Users\albto\.gradle\caches\modules-2\files-2.1\org.jetbrains.kotlin\kotlin-stdlib-common\1.5.31\43331609c7de811fed085e0dfd150874b157c32\kotlin-stdlib-common-1.5.31.jar
Launcher Type: SUN_STANDARD

[Global flags]
     intx CICompilerCount                          = 4                                         {product} {ergonomic}
     uint ConcGCThreads                            = 2                                         {product} {ergonomic}
     uint G1ConcRefinementThreads                  = 8                                         {product} {ergonomic}
   size_t G1HeapRegionSize                         = 1048576                                   {product} {ergonomic}
    uintx GCDrainStackTargetSize                   = 64                                        {product} {ergonomic}
   size_t InitialHeapSize                          = 262144000                                 {product} {ergonomic}
   size_t MarkStackSize                            = 4194304                                   {product} {ergonomic}
   size_t MaxHeapSize                              = 4188012544                                {product} {ergonomic}
   size_t MaxNewSize                               = 2512388096                                {product} {ergonomic}
   size_t MinHeapDeltaBytes                        = 1048576                                   {product} {ergonomic}
    uintx NonNMethodCodeHeapSize                   = 5836300                                {pd product} {ergonomic}
    uintx NonProfiledCodeHeapSize                  = 122910970                              {pd product} {ergonomic}
    uintx ProfiledCodeHeapSize                     = 122910970                              {pd product} {ergonomic}
    uintx ReservedCodeCacheSize                    = 251658240                              {pd product} {ergonomic}
     bool SegmentedCodeCache                       = true                                      {product} {ergonomic}
     bool UseCompressedClassPointers               = true                                 {lp64_product} {ergonomic}
     bool UseCompressedOops                        = true                                 {lp64_product} {ergonomic}
     bool UseG1GC                                  = true                                      {product} {ergonomic}
     bool UseLargePagesIndividualAllocation        = false                                  {pd product} {ergonomic}

Logging:
Log output configuration:
 #0: stdout all=warning uptime,level,tags
 #1: stderr all=off uptime,level,tags

Environment Variables:
JAVA_HOME=C:\Program Files\Java\jdk1.8.0_291
PATH=C:\Program Files (x86)\Common Files\Oracle\Java\javapath;C:\WINDOWS\system32;C:\WINDOWS;C:\WINDOWS\System32\Wbem;C:\WINDOWS\System32\WindowsPowerShell\v1.0\;C:\WINDOWS\System32\OpenSSH\;c:\Program Files (x86)\Microsoft SQL Server\100\Tools\Binn\;c:\Program Files\Microsoft SQL Server\100\Tools\Binn\;c:\Program Files\Microsoft SQL Server\100\DTS\Binn\;C:\Program Files\dotnet\;C:\Program Files\Java\jdk1.8.0_291\bin;C:\Program Files\nodejs\;C:\Program Files\Git\cmd;C:\Program Files\MySQL\MySQL Shell 8.0\bin\;C:\Users\albto\AppData\Local\Microsoft\WindowsApps;C:\Users\albto\.dotnet\tools;C:\Users\albto\AppData\Local\Programs\Microsoft VS Code\bin;C:\Users\albto\AppData\Roaming\npm;
USERNAME=albto
OS=Windows_NT
PROCESSOR_IDENTIFIER=Intel64 Family 6 Model 126 Stepping 5, GenuineIntel



---------------  S Y S T E M  ---------------

OS: Windows 10 , 64 bit Build 22483 (10.0.22483.1000)
OS uptime: 8 days 1:40 hours

CPU:total 8 (initial active 8) (4 cores per cpu, 2 threads per core) family 6 model 126 stepping 5 microcode 0xa6, cmov, cx8, fxsr, mmx, sse, sse2, sse3, ssse3, sse4.1, sse4.2, popcnt, avx, avx2, aes, clmul, erms, 3dnowpref, lzcnt, ht, tsc, tscinvbit, bmi1, bmi2, adx, evex, sha, fma

Memory: 4k page, system-wide physical 15970M (104M free)
TotalPageFile size 46336M (AvailPageFile size 0M)
current process WorkingSet (physical memory assigned to process): 352M, peak: 382M
current process commit charge ("private bytes"): 511M, peak: 511M

vm_info: OpenJDK 64-Bit Server VM (11.0.10+0-b96-7249189) for windows-amd64 JRE (11.0.10+0-b96-7249189), built on Mar 31 2021 21:44:00 by "builder" with MS VC++ 14.0 (VS2015)

END.
